{"type":["init_ps"],"time":["2024-10-08 18:21:03"],"user":["default_user"],"umph":[1728404463.0043],"ok":[true]}
,
{"type":["init_ps"],"time":["2024-10-08 18:21:31"],"user":["default_user"],"umph":[1728404491.6682],"ok":[true]}
,
{"type":["init_ps"],"time":["2024-10-08 18:21:48"],"user":["default_user"],"umph":[1728404508.6193],"ok":[true]}
,
{"type":["init_ps"],"time":["2024-10-08 18:24:44"],"user":["default_user"],"umph":[1728404684.3329],"ok":[true]}
,
{"type":["init_ps"],"time":["2024-10-08 18:26:49"],"user":["default_user"],"umph":[1728404809.517],"ok":[true]}
,
{"type":["init_ps"],"time":["2024-10-08 18:27:29"],"user":["default_user"],"umph":[1728404849.0622],"ok":[true]}
,
{"type":["init_ps"],"time":["2024-10-08 18:33:56"],"user":["default_user"],"umph":[1728405236.1659],"ok":[true]}
,
{"type":["init_ps"],"time":["2024-10-15 17:19:11"],"user":["default_user"],"umph":[1729005551.4169],"ok":[true]}
,
{"type":["init_ps"],"time":["2024-10-15 17:19:32"],"user":["default_user"],"umph":[1729005572.7034],"ok":[true]}
,
{"type":["init_ps"],"time":["2024-10-15 17:19:45"],"user":["default_user"],"umph":[1729005585.6954],"ok":[true]}
,
{"type":["init_ps"],"time":["2024-10-15 17:24:37"],"user":["default_user"],"umph":[1729005877.9722],"ok":[true]}
,
{"type":["init_ps"],"time":["2024-10-15 17:24:55"],"user":["default_user"],"umph":[1729005895.7854],"ok":[true]}
,
{"type":["init_ps"],"time":["2024-10-15 17:26:31"],"user":["default_user"],"umph":[1729005991.0966],"ok":[true]}
,
{"type":["init_ps"],"time":["2024-10-15 17:27:31"],"user":["default_user"],"umph":[1729006051.6463],"ok":[true]}
,
{"type":["init_ps"],"time":["2024-10-15 17:28:27"],"user":["default_user"],"umph":[1729006107.4207],"ok":[true]}
,
{"type":["init_ps"],"time":["2024-10-15 17:36:09"],"user":["default_user"],"umph":[1729006569.591],"ok":[true]}
,
{"type":["init_ps"],"time":["2024-10-15 17:36:54"],"user":["default_user"],"umph":[1729006614.8581],"ok":[true]}
,
{"type":["init_ps"],"time":["2024-10-15 17:40:10"],"user":["default_user"],"umph":[1729006810.6119],"ok":[true]}
,
{"type":["init_ps"],"time":["2024-10-15 17:50:07"],"user":["default_user"],"umph":[1729007407.3848],"ok":[true]}
,
{"type":["check_chunk"],"time":["2024-10-15 17:50:15"],"user":["default_user"],"umph":[1729007415.4081],"ok":[true],"chunk":[1],"ex":[1],"e.ind":[0],"code":["dat_main = read_dta('main_fame.dta')"],"message":[""]}
,
{"type":["check_chunk"],"time":["2024-10-15 17:50:41"],"user":["default_user"],"umph":[1729007441.1285],"ok":[false],"chunk":[2],"ex":[1],"e.ind":[0],"code":["pcw95 = dat_main %>%\n  filter(year == 1995)%>%\n  filter(avwage >= i)"],"message":["evaluation error in \n  pcw95 = dat_main %>% filter(year == 1995) %>% filter(avwage >= i)\n  \u001b[1m\u001b[33mError\u001b[39m in `filter()`:\u001b[22m\n\u001b[38;5;232m\u001b[36mℹ\u001b[38;5;232m In argument: `avwage >= i`.\u001b[39m\n\u001b[1mCaused by error:\u001b[22m\n\u001b[33m!\u001b[39m Objekt 'i' nicht gefunden\n"]}
,
{"type":["init_ps"],"time":["2024-10-15 17:51:11"],"user":["default_user"],"umph":[1729007471.1568],"ok":[true]}
,
{"type":["check_chunk"],"time":["2024-10-15 17:51:22"],"user":["default_user"],"umph":[1729007482.8858],"ok":[true],"chunk":[1],"ex":[1],"e.ind":[0],"code":["dat_main = read_dta('main_fame.dta')"],"message":[""]}
,
{"type":["check_chunk"],"time":["2024-10-15 17:51:33"],"user":["default_user"],"umph":[1729007493.1368],"ok":[true],"chunk":[2],"ex":[1],"e.ind":[0],"code":["pcw95 = dat_main %>%\n  filter(year == 1995)"],"message":[""]}
,
{"type":["init_ps"],"time":["2024-10-15 18:07:00"],"user":["default_user"],"umph":[1729008420.7401],"ok":[true]}
,
{"type":["init_ps"],"time":["2024-10-15 20:59:14"],"user":["default_user"],"umph":[1729018754.0333],"ok":[true]}
,
{"type":["init_ps"],"time":["2024-10-16 16:45:32"],"user":["default_user"],"umph":[1729089932.7045],"ok":[true]}
,
{"type":["check_chunk"],"time":["2024-10-16 16:46:00"],"user":["default_user"],"umph":[1729089960.8767],"ok":[false],"chunk":[3],"ex":[2],"e.ind":[0],"code":["dat_table1 = dat_main %>%\n  group_by(ctreat1, NMW)%>%\n  filter(pp == 1) %>%\n  summarise(mean_avwage = mean(avwage), mean_ln_avwage = mean(ln_avwage), mean_net_pcm = mean(net_pcm))"],"message":["evaluation error in \n  dat_table1 = dat_main %>% group_by(ctreat1, NMW) %>% filter(pp == 1) %>% summarise(mean_avwage = mean(avwage), mean_ln_avwage = mean(ln_avwage), mean_net_pcm = mean(net_pcm))\n  Error:  Objekt 'dat_main' nicht gefunden\n"]}
,
{"type":["check_chunk"],"time":["2024-10-16 16:46:39"],"user":["default_user"],"umph":[1729089999.0085],"ok":[true],"chunk":[1],"ex":[1],"e.ind":[0],"code":["dat_main = read_dta('main_fame.dta')"],"message":[""]}
,
{"type":["check_chunk"],"time":["2024-10-16 16:46:46"],"user":["default_user"],"umph":[1729090006.0484],"ok":[true],"chunk":[2],"ex":[1],"e.ind":[0],"code":["pcw95 = dat_main %>%\n  filter(year == 1995)"],"message":[""]}
,
{"type":["check_chunk"],"time":["2024-10-16 16:46:58"],"user":["default_user"],"umph":[1729090018.8738],"ok":[false],"chunk":[3],"ex":[2],"e.ind":[0],"code":["dat_table1 = dat_main %>%\n  group_by(ctreat1, NMW)%>%\n  filter(pp == 1) %>%\n  summarise(mean_avwage = mean(avwage), mean_ln_avwage = mean(ln_avwage), mean_net_pcm = mean(net_pcm))"],"message":["evaluation error in \n  dat_table1 = dat_main %>% group_by(ctreat1, NMW) %>% filter(pp == 1) %>% summarise(mean_avwage = mean(avwage), mean_ln_avwage = mean(ln_avwage), mean_net_pcm = mean(net_pcm))\n  Error:  Objekt 'dat_main' nicht gefunden\n"]}
,
{"type":["hint"],"time":["2024-10-16 16:46:58"],"user":["default_user"],"umph":[1729090018.8985],"ok":[true],"chunk":[3],"ex":[2],"e.ind":[0]}
,
{"type":["check_chunk"],"time":["2024-10-16 16:47:04"],"user":["default_user"],"umph":[1729090024.4371],"ok":[false],"chunk":[3],"ex":[2],"e.ind":[0],"code":["dat_table1 = dat_main %>%\n  group_by(ctreat1, NMW)%>%\n  filter(pp == 1) %>%\n  summarise(mean_avwage = mean(avwage), mean_ln_avwage = mean(ln_avwage), mean_net_pcm = mean(net_pcm))"],"message":["evaluation error in \n  dat_table1 = dat_main %>% group_by(ctreat1, NMW) %>% filter(pp == 1) %>% summarise(mean_avwage = mean(avwage), mean_ln_avwage = mean(ln_avwage), mean_net_pcm = mean(net_pcm))\n  Error:  Objekt 'dat_main' nicht gefunden\n"]}
,
{"type":["init_ps"],"time":["2024-10-16 16:48:14"],"user":["default_user"],"umph":[1729090094.9942],"ok":[true]}
,
{"type":["init_ps"],"time":["2024-10-16 17:19:00"],"user":["default_user"],"umph":[1729091940.0736],"ok":[true]}
,
{"type":["init_ps"],"time":["2024-10-17 10:13:20"],"user":["default_user"],"umph":[1729152800.3815],"ok":[true]}
,
{"type":["init_ps"],"time":["2024-10-21 11:14:52"],"user":["default_user"],"umph":[1729502092.6783],"ok":[true]}
,
{"type":["init_ps"],"time":["2024-10-21 11:15:47"],"user":["default_user"],"umph":[1729502147.1571],"ok":[true]}
,
{"type":["check_chunk"],"time":["2024-10-21 11:16:17"],"user":["default_user"],"umph":[1729502177.6633],"ok":[true],"chunk":[1],"ex":[1],"e.ind":[0],"code":["dat_main = read_dta('main_fame.dta')"],"message":[""]}
,
{"type":["check_chunk"],"time":["2024-10-21 11:16:39"],"user":["default_user"],"umph":[1729502199.8533],"ok":[true],"chunk":[2],"ex":[1],"e.ind":[0],"code":["pcw95 = dat_main %>%\n  filter(year == 1995)"],"message":[""]}
,
{"type":["check_chunk"],"time":["2024-10-21 11:17:17"],"user":["default_user"],"umph":[1729502237.0009],"ok":[false],"chunk":[3],"ex":[2],"e.ind":[0],"code":["dat_table_DiD = dat_main %>%\n  group_by(ctreat1, NMW)%>%\n  filter(pp == 1) %>%\n  summarise(mean_avwage = mean(avwage), mean_ln_avwage = mean(ln_avwage), mean_net_pcm = mean(net_pcm))"],"message":["evaluation error in \n  dat_table_DiD = dat_main %>% group_by(ctreat1, NMW) %>% filter(pp == 1) %>% summarise(mean_avwage = mean(avwage), mean_ln_avwage = mean(ln_avwage), mean_net_pcm = mean(net_pcm))\n  Error:  Objekt 'dat_main' nicht gefunden\n"]}
,
{"type":["init_ps"],"time":["2024-10-21 11:23:30"],"user":["default_user"],"umph":[1729502610.2582],"ok":[true]}
,
{"type":["init_ps"],"time":["2024-10-21 11:24:27"],"user":["default_user"],"umph":[1729502667.2632],"ok":[true]}
,
{"type":["init_ps"],"time":["2024-10-21 11:25:42"],"user":["default_user"],"umph":[1729502742.7159],"ok":[true]}
,
{"type":["init_ps"],"time":["2024-10-21 11:33:34"],"user":["default_user"],"umph":[1729503214.9112],"ok":[true]}
,
{"type":["init_ps"],"time":["2024-10-21 11:42:45"],"user":["default_user"],"umph":[1729503765.0437],"ok":[true]}
,
{"type":["init_ps"],"time":["2024-10-21 11:43:42"],"user":["default_user"],"umph":[1729503822.2354],"ok":[true]}
,
{"type":["init_ps"],"time":["2024-10-21 11:45:13"],"user":["default_user"],"umph":[1729503913.8878],"ok":[true]}
,
{"type":["init_ps"],"time":["2024-10-21 11:49:55"],"user":["default_user"],"umph":[1729504195.9924],"ok":[true]}
,
{"type":["init_ps"],"time":["2024-10-28 12:04:26"],"user":["default_user"],"umph":[1730113466.1727],"ok":[true]}
,
{"type":["check_chunk"],"time":["2024-10-28 12:05:18"],"user":["default_user"],"umph":[1730113518.0735],"ok":[true],"chunk":[1],"ex":[4],"e.ind":[0],"code":["dat_main = read_dta('main_fame.dta')"],"message":[""]}
,
{"type":["check_chunk"],"time":["2024-10-28 12:05:31"],"user":["default_user"],"umph":[1730113531.3324],"ok":[true],"chunk":[2],"ex":[4],"e.ind":[0],"code":["pcw95 = dat_main %>%\n  filter(year == 1995)"],"message":[""]}
,
{"type":["check_chunk"],"time":["2024-10-28 12:05:47"],"user":["default_user"],"umph":[1730113547.8861],"ok":[false],"chunk":[3],"ex":[5],"e.ind":[0],"code":["dat_table_DiD = dat_main %>%\n  group_by(ctreat1, NMW)%>%\n  filter(pp == 1) %>%\n  summarise(mean_avwage = mean(avwage), mean_ln_avwage = mean(ln_avwage), mean_net_pcm = mean(net_pcm))"],"message":["evaluation error in \n  dat_table_DiD = dat_main %>% group_by(ctreat1, NMW) %>% filter(pp == 1) %>% summarise(mean_avwage = mean(avwage), mean_ln_avwage = mean(ln_avwage), mean_net_pcm = mean(net_pcm))\n  Error:  Objekt 'dat_main' nicht gefunden\n"]}
,
{"type":["check_chunk"],"time":["2024-10-28 12:05:51"],"user":["default_user"],"umph":[1730113551.6784],"ok":[false],"chunk":[3],"ex":[5],"e.ind":[0],"code":["dat_table_DiD = dat_main %>%\n  group_by(ctreat1, NMW)%>%\n  filter(pp == 1) %>%\n  summarise(mean_avwage = mean(avwage), mean_ln_avwage = mean(ln_avwage), mean_net_pcm = mean(net_pcm))"],"message":["evaluation error in \n  dat_table_DiD = dat_main %>% group_by(ctreat1, NMW) %>% filter(pp == 1) %>% summarise(mean_avwage = mean(avwage), mean_ln_avwage = mean(ln_avwage), mean_net_pcm = mean(net_pcm))\n  Error:  Objekt 'dat_main' nicht gefunden\n"]}
,
{"type":["hint"],"time":["2024-10-28 12:05:51"],"user":["default_user"],"umph":[1730113551.7021],"ok":[true],"chunk":[3],"ex":[5],"e.ind":[0]}
,
{"type":["check_chunk"],"time":["2024-10-28 12:05:57"],"user":["default_user"],"umph":[1730113557.0657],"ok":[false],"chunk":[3],"ex":[5],"e.ind":[0],"code":["dat_table_DiD = dat_main %>%\n  group_by(ctreat1, NMW)%>%\n  filter(pp == 1) %>%\n  summarise(mean_avwage = mean(avwage), mean_ln_avwage = mean(ln_avwage), mean_net_pcm = mean(net_pcm))"],"message":["evaluation error in \n  dat_table_DiD = dat_main %>% group_by(ctreat1, NMW) %>% filter(pp == 1) %>% summarise(mean_avwage = mean(avwage), mean_ln_avwage = mean(ln_avwage), mean_net_pcm = mean(net_pcm))\n  Error:  Objekt 'dat_main' nicht gefunden\n"]}
,
{"type":["init_ps"],"time":["2024-10-28 12:22:55"],"user":["default_user"],"umph":[1730114575.4145],"ok":[true]}
,
{"type":["check_chunk"],"time":["2024-10-28 12:23:17"],"user":["default_user"],"umph":[1730114597.8721],"ok":[true],"chunk":[1],"ex":[4],"e.ind":[0],"code":["dat_main = read_dta('main_fame.dta')"],"message":[""]}
,
{"type":["init_ps"],"time":["2024-10-28 12:26:47"],"user":["default_user"],"umph":[1730114807.7826],"ok":[true]}
,
{"type":["init_ps"],"time":["2024-10-28 12:28:39"],"user":["default_user"],"umph":[1730114919.8716],"ok":[true]}
,
{"type":["check_chunk"],"time":["2024-10-28 12:28:50"],"user":["default_user"],"umph":[1730114930.3891],"ok":[true],"chunk":[1],"ex":[4],"e.ind":[0],"code":["#Datensatz einlesen\ndat_main = read_dta('main_fame.dta')"],"message":[""]}
,
{"type":["check_chunk"],"time":["2024-10-28 12:29:04"],"user":["default_user"],"umph":[1730114944.7149],"ok":[false],"chunk":[2],"ex":[4],"e.ind":[0],"code":["pcw95 = dat_main %>%\n  filter(yea == 1995)\n"],"message":["evaluation error in \n  pcw95 = dat_main %>% filter(yea == 1995)\n  \u001b[1m\u001b[33mError\u001b[39m in `filter()`:\u001b[22m\n\u001b[38;5;232m\u001b[36mℹ\u001b[38;5;232m In argument: `yea == 1995`.\u001b[39m\n\u001b[1mCaused by error:\u001b[22m\n\u001b[33m!\u001b[39m Objekt 'yea' nicht gefunden\n"]}
,
{"type":["check_chunk"],"time":["2024-10-28 12:29:13"],"user":["default_user"],"umph":[1730114953.4419],"ok":[true],"chunk":[2],"ex":[4],"e.ind":[0],"code":["pcw95 = dat_main %>%\n  filter(year == 1995)\n"],"message":[""]}
,
{"type":["init_ps"],"time":["2024-10-28 12:33:53"],"user":["default_user"],"umph":[1730115233.1716],"ok":[true]}
,
{"type":["check_chunk"],"time":["2024-10-28 12:34:41"],"user":["default_user"],"umph":[1730115281.5333],"ok":[true],"chunk":[1],"ex":[4],"e.ind":[0],"code":["#Datensatz einlesen\ndat_main = read_dta('main_fame.dta')"],"message":[""]}
,
{"type":["init_ps"],"time":["2024-10-28 12:40:04"],"user":["default_user"],"umph":[1730115604.5131],"ok":[true]}
,
{"type":["check_chunk"],"time":["2024-10-28 12:40:59"],"user":["default_user"],"umph":[1730115659.7745],"ok":[true],"chunk":[1],"ex":[3],"e.ind":[0],"code":["#Datensatz einlesen\ndat_main = read_dta('main_fame.dta')"],"message":[""]}
,
{"type":["check_chunk"],"time":["2024-10-28 12:41:09"],"user":["default_user"],"umph":[1730115669.6855],"ok":[true],"chunk":[2],"ex":[4],"e.ind":[0],"code":["dat_main = read_dta('main_fame.dta')"],"message":[""]}
,
{"type":["init_ps"],"time":["2024-10-28 12:57:56"],"user":["default_user"],"umph":[1730116676.7999],"ok":[true]}
,
{"type":["check_chunk"],"time":["2024-10-28 12:58:11"],"user":["default_user"],"umph":[1730116691.9245],"ok":[true],"chunk":[2],"ex":[4],"e.ind":[0],"code":["dat_main = read_dta('main_fame.dta')\n"],"message":[""]}
,
{"type":["check_chunk"],"time":["2024-10-28 12:58:12"],"user":["default_user"],"umph":[1730116692.2594],"ok":[true],"chunk":[3],"ex":[4],"e.ind":[0],"code":["#\npcw95 = dat_main %>%\n  filter(year == 1995)"],"message":[""]}
,
{"type":["check_chunk"],"time":["2024-10-28 12:58:20"],"user":["default_user"],"umph":[1730116700.4676],"ok":[false],"chunk":[4],"ex":[4],"e.ind":[0],"code":["percent95 = quantile(pcw95$ln_avwage, seq(0, 1, 0.01))"],"message":["evaluation error in \n  percent95 = quantile(pcw95$ln_avwage, seq(0, 1, 0.01))\n  Error in quantile.default(pcw95$ln_avwage, seq(0, 1, 0.01)): fehlende Werte und NaNs sind nicht erlaubt, wenn 'na.rm' = FALSE\n"]}
,
{"type":["check_chunk"],"time":["2024-10-28 12:58:34"],"user":["default_user"],"umph":[1730116714.4878],"ok":[false],"chunk":[4],"ex":[4],"e.ind":[0],"code":["percent95 = quantile(pcw95$ln_avwage, seq(0, 1, 0.01))"],"message":["evaluation error in \n  percent95 = quantile(pcw95$ln_avwage, seq(0, 1, 0.01))\n  Error in quantile.default(pcw95$ln_avwage, seq(0, 1, 0.01)): fehlende Werte und NaNs sind nicht erlaubt, wenn 'na.rm' = FALSE\n"]}
,
{"type":["hint"],"time":["2024-10-28 12:58:34"],"user":["default_user"],"umph":[1730116714.5088],"ok":[true],"chunk":[4],"ex":[4],"e.ind":[0]}
,
{"type":["check_chunk"],"time":["2024-10-28 12:58:36"],"user":["default_user"],"umph":[1730116716.4824],"ok":[false],"chunk":[4],"ex":[4],"e.ind":[0],"code":["percent95 = quantile(pcw95$ln_avwage, seq(0, 1, 0.01))"],"message":["evaluation error in \n  percent95 = quantile(pcw95$ln_avwage, seq(0, 1, 0.01))\n  Error in quantile.default(pcw95$ln_avwage, seq(0, 1, 0.01)): fehlende Werte und NaNs sind nicht erlaubt, wenn 'na.rm' = FALSE\n"]}
,
{"type":["init_ps"],"time":["2024-10-28 12:59:39"],"user":["default_user"],"umph":[1730116779.6446],"ok":[true]}
,
{"type":["check_chunk"],"time":["2024-10-28 12:59:49"],"user":["default_user"],"umph":[1730116789.0498],"ok":[true],"chunk":[2],"ex":[4],"e.ind":[0],"code":["dat_main = read_dta('main_fame.dta')\n"],"message":[""]}
,
{"type":["check_chunk"],"time":["2024-10-28 12:59:49"],"user":["default_user"],"umph":[1730116789.4085],"ok":[true],"chunk":[3],"ex":[4],"e.ind":[0],"code":["#\npcw95 = dat_main %>%\n  filter(year == 1995)%>%\n  filter(avwage >= 3)"],"message":[""]}
,
{"type":["check_chunk"],"time":["2024-10-28 12:59:58"],"user":["default_user"],"umph":[1730116798.1145],"ok":[true],"chunk":[4],"ex":[4],"e.ind":[0],"code":["percent95 = quantile(pcw95$ln_avwage, seq(0, 1, 0.01))"],"message":[""]}
,
{"type":["init_ps"],"time":["2024-10-28 13:00:27"],"user":["default_user"],"umph":[1730116827.6122],"ok":[true]}
,
{"type":["init_ps"],"time":["2024-10-28 13:21:05"],"user":["default_user"],"umph":[1730118065.7174],"ok":[true]}
,
{"type":["check_chunk"],"time":["2024-10-28 13:21:24"],"user":["default_user"],"umph":[1730118084.9395],"ok":[true],"chunk":[2],"ex":[4],"e.ind":[0],"code":["dat_main = read_dta('main_fame.dta')\n"],"message":[""]}
,
{"type":["check_chunk"],"time":["2024-10-28 13:21:25"],"user":["default_user"],"umph":[1730118085.3358],"ok":[true],"chunk":[3],"ex":[4],"e.ind":[0],"code":["#\npcw95 = dat_main %>%\n  filter(year == 1995)%>%\n  filter(avwage >= 3)"],"message":[""]}
,
{"type":["check_chunk"],"time":["2024-10-28 13:21:25"],"user":["default_user"],"umph":[1730118085.4641],"ok":[true],"chunk":[4],"ex":[4],"e.ind":[0],"code":["dat_probe = dat_main %>% \n  filter(avwage < 3)"],"message":[""]}
,
{"type":["check_chunk"],"time":["2024-10-28 13:21:31"],"user":["default_user"],"umph":[1730118091.7179],"ok":[true],"chunk":[5],"ex":[4],"e.ind":[0],"code":["percent95 = quantile(pcw95$ln_avwage, seq(0, 1, 0.01))"],"message":[""]}
,
{"type":["check_chunk"],"time":["2024-10-28 13:21:37"],"user":["default_user"],"umph":[1730118097.6697],"ok":[true],"chunk":[6],"ex":[4],"e.ind":[0],"code":["\npcw96 = dat_main %>%\n  filter(year == 1996)%>%\n  filter(avwage >= 3)\npercent96 = quantile(pcw96$ln_avwage, seq(0, 1, 0.01))\n\npcw97 = dat_main %>%\n  filter(year == 1997)%>%\n  filter(avwage >= 3)\npercent97 = quantile(pcw97$ln_avwage, seq(0, 1, 0.01))\n\npcw98 = dat_main %>%\n  filter(year == 1998)%>%\n  filter(avwage >= 3)\npercent98 = quantile(pcw98$ln_avwage, seq(0, 1, 0.01))\n\npcw99 = dat_main %>%\n  filter(year == 1999)%>%\n  filter(avwage >= 3)\npercent99 = quantile(pcw99$ln_avwage, seq(0, 1, 0.01))\n\npcw00 = dat_main %>%\n  filter(year == 2000)%>%\n  filter(avwage >= 3)\npercent00 = quantile(pcw00$ln_avwage, seq(0, 1, 0.01))\n\npcw01 = dat_main %>%\n  filter(year == 2001)%>%\n  filter(avwage >= 3)\npercent01 = quantile(pcw01$ln_avwage, seq(0, 1, 0.01))\n\npcw02 = dat_main %>%\n  filter(year == 2002)%>%\n  filter(avwage >= 3)\npercent02 = quantile(pcw02$ln_avwage, seq(0, 1, 0.01))\n"],"message":[""]}
,
{"type":["init_ps"],"time":["2024-10-28 13:34:11"],"user":["default_user"],"umph":[1730118851.0822],"ok":[true]}
,
{"type":["init_ps"],"time":["2024-10-28 13:55:05"],"user":["default_user"],"umph":[1730120105.2748],"ok":[true]}
,
{"type":["init_ps"],"time":["2024-10-29 11:56:27"],"user":["default_user"],"umph":[1730199387.2044],"ok":[true]}
,
{"type":["check_chunk"],"time":["2024-10-29 11:56:37"],"user":["default_user"],"umph":[1730199397.0059],"ok":[true],"chunk":[10],"ex":[5],"e.ind":[0],"code":["dat_main = read_dta('main_fame.dta')"],"message":[""]}
,
{"type":["check_chunk"],"time":["2024-10-29 11:57:13"],"user":["default_user"],"umph":[1730199433.1873],"ok":[true],"chunk":[11],"ex":[5],"e.ind":[0],"code":["dat_table_DiD = dat_main %>%\n  group_by(ctreat1, NMW)%>%\n  filter(pp == 1) %>%\n  summarise(mean_avwage = mean(avwage), mean_ln_avwage = mean(ln_avwage), mean_net_pcm = mean(net_pcm))"],"message":[""]}
,
{"type":["check_chunk"],"time":["2024-10-29 11:57:27"],"user":["default_user"],"umph":[1730199447.2967],"ok":[true],"chunk":[12],"ex":[5],"e.ind":[0],"code":["dat_table_DiD"],"message":[""]}
,
{"type":["check_chunk"],"time":["2024-10-29 11:59:16"],"user":["default_user"],"umph":[1730199556.5239],"ok":[true],"chunk":[13],"ex":[5],"e.ind":[0],"code":["# Weisen Sie den für die DiD Schätzung relevanten Variablen die passenden Tabelleneinträge aus \"dat_table_DiD\" zu.\ny1.post.treat = dat_table_DiD$mean_ln_avwage[4]\ny1.post.control = dat_table_DiD$mean_ln_avwage[2]\ny1.pre.treat = dat_table_DiD$mean_ln_avwage[3]\ny1.pre.control = dat_table_DiD$mean_ln_avwage[1]\n"],"message":[""]}
,
{"type":["init_ps"],"time":["2024-10-29 12:16:03"],"user":["default_user"],"umph":[1730200563.5285],"ok":[true]}
,
{"type":["check_chunk"],"time":["2024-10-29 12:16:46"],"user":["default_user"],"umph":[1730200606.1696],"ok":[true],"chunk":[10],"ex":[5],"e.ind":[0],"code":["dat_main = read_dta('main_fame.dta')\n"],"message":[""]}
,
{"type":["check_chunk"],"time":["2024-10-29 12:16:46"],"user":["default_user"],"umph":[1730200606.5985],"ok":[true],"chunk":[11],"ex":[5],"e.ind":[0],"code":["dat_table_DiD = dat_main %>%\n  group_by(ctreat1, NMW)%>%\n  filter(pp == 1) %>%\n  summarise(mean_avwage = mean(avwage), mean_ln_avwage = mean(ln_avwage), mean_net_pcm = mean(net_pcm))"],"message":[""]}
,
{"type":["check_chunk"],"time":["2024-10-29 12:16:59"],"user":["default_user"],"umph":[1730200619.2499],"ok":[true],"chunk":[12],"ex":[5],"e.ind":[0],"code":["dat_table_DiD"],"message":[""]}
,
{"type":["init_ps"],"time":["2024-10-29 12:18:49"],"user":["default_user"],"umph":[1730200729.2106],"ok":[true]}
,
{"type":["init_ps"],"time":["2024-10-29 12:26:41"],"user":["default_user"],"umph":[1730201201.8982],"ok":[true]}
,
{"type":["check_chunk"],"time":["2024-10-29 12:26:57"],"user":["default_user"],"umph":[1730201217.0122],"ok":[true],"chunk":[10],"ex":[5],"e.ind":[0],"code":["dat_main = read_dta('main_fame.dta')\n"],"message":[""]}
,
{"type":["check_chunk"],"time":["2024-10-29 12:26:57"],"user":["default_user"],"umph":[1730201217.478],"ok":[true],"chunk":[11],"ex":[5],"e.ind":[0],"code":["dat_table_DiD = dat_main %>%\n  group_by(ctreat1, NMW)%>%\n  filter(pp == 1) %>%\n  summarise(mean_avwage = mean(avwage), mean_ln_avwage = mean(ln_avwage), mean_net_pcm = mean(net_pcm))"],"message":[""]}
,
{"type":["check_chunk"],"time":["2024-10-29 12:26:57"],"user":["default_user"],"umph":[1730201217.6409],"ok":[true],"chunk":[12],"ex":[5],"e.ind":[0],"code":["\ndat_table_DiD"],"message":[""]}
,
{"type":["check_chunk"],"time":["2024-10-29 12:26:57"],"user":["default_user"],"umph":[1730201217.8654],"ok":[true],"chunk":[13],"ex":[5],"e.ind":[0],"code":["y1.post.treat = dat_table_DiD$mean_ln_avwage[4]\ny1.post.control = dat_table_DiD$mean_ln_avwage[2]\ny1.pre.treat = dat_table_DiD$mean_ln_avwage[3]\ny1.pre.control = dat_table_DiD$mean_ln_avwage[1]\n"],"message":[""]}
,
{"type":["check_chunk"],"time":["2024-10-29 12:26:58"],"user":["default_user"],"umph":[1730201218.0536],"ok":[true],"chunk":[14],"ex":[5],"e.ind":[0],"code":["y2.post.treat = dat_table_DiD$mean_net_pcm[4]\ny2.post.control = dat_table_DiD$mean_net_pcm[2]\ny2.pre.treat = dat_table_DiD$mean_net_pcm[3]\ny2.pre.control = dat_table_DiD$mean_net_pcm[1]"],"message":[""]}
,
{"type":["check_chunk"],"time":["2024-10-29 12:27:14"],"user":["default_user"],"umph":[1730201234.4024],"ok":[true],"chunk":[15],"ex":[5],"e.ind":[0],"code":["DiD_ln_avwage = (y1.post.treat - y1.post.control) - (y1.pre.treat - y1.pre.control)\nDiD_net_pcm = (y2.post.treat - y2.post.control) - (y2.pre.treat - y2.pre.control)\n  \n#Ergebnisse anzeigen\nDiD_ln_avwage\nDiD_net_pcm"],"message":[""]}
,
{"type":["init_ps"],"time":["2024-10-29 12:33:22"],"user":["default_user"],"umph":[1730201602.6727],"ok":[true]}
,
{"type":["init_ps"],"time":["2024-10-29 12:36:59"],"user":["default_user"],"umph":[1730201819.7119],"ok":[true]}
,
{"type":["check_chunk"],"time":["2024-10-29 12:37:31"],"user":["default_user"],"umph":[1730201851.1274],"ok":[true],"chunk":[10],"ex":[6],"e.ind":[0],"code":["dat_main = read_dta('main_fame.dta')\n"],"message":[""]}
,
{"type":["check_chunk"],"time":["2024-10-29 12:37:31"],"user":["default_user"],"umph":[1730201851.6231],"ok":[true],"chunk":[11],"ex":[6],"e.ind":[0],"code":["dat_table_DiD = dat_main %>%\n  group_by(ctreat1, NMW)%>%\n  filter(pp == 1) %>%\n  summarise(mean_avwage = mean(avwage), mean_ln_avwage = mean(ln_avwage), mean_net_pcm = mean(net_pcm))"],"message":[""]}
,
{"type":["check_chunk"],"time":["2024-10-29 12:37:31"],"user":["default_user"],"umph":[1730201851.7736],"ok":[true],"chunk":[12],"ex":[6],"e.ind":[0],"code":["\ndat_table_DiD"],"message":[""]}
,
{"type":["check_chunk"],"time":["2024-10-29 12:37:31"],"user":["default_user"],"umph":[1730201851.9289],"ok":[true],"chunk":[13],"ex":[6],"e.ind":[0],"code":["y1.post.treat = dat_table_DiD$mean_ln_avwage[4]\ny1.post.control = dat_table_DiD$mean_ln_avwage[2]\ny1.pre.treat = dat_table_DiD$mean_ln_avwage[3]\ny1.pre.control = dat_table_DiD$mean_ln_avwage[1]\n"],"message":[""]}
,
{"type":["check_chunk"],"time":["2024-10-29 12:37:32"],"user":["default_user"],"umph":[1730201852.1315],"ok":[true],"chunk":[14],"ex":[6],"e.ind":[0],"code":["y2.post.treat = dat_table_DiD$mean_net_pcm[4]\ny2.post.control = dat_table_DiD$mean_net_pcm[2]\ny2.pre.treat = dat_table_DiD$mean_net_pcm[3]\ny2.pre.control = dat_table_DiD$mean_net_pcm[1]"],"message":[""]}
,
{"type":["check_chunk"],"time":["2024-10-29 12:37:36"],"user":["default_user"],"umph":[1730201856.3869],"ok":[true],"chunk":[15],"ex":[6],"e.ind":[0],"code":["DiD_ln_avwage = (y1.post.treat - y1.post.control) - (y1.pre.treat - y1.pre.control)\nDiD_net_pcm = (y2.post.treat - y2.post.control) - (y2.pre.treat - y2.pre.control)\n  \n#Ergebnisse anzeigen\nDiD_ln_avwage\nDiD_net_pcm"],"message":[""]}
,
{"type":["init_ps"],"time":["2024-10-29 13:20:08"],"user":["default_user"],"umph":[1730204408.2832],"ok":[true]}
,
